0 info it worked if it ends with ok
1 verbose cli [ 'C:\\nodejs\\node.exe',
1 verbose cli   'C:\\nodejs\\node_modules\\npm\\bin\\npm-cli.js',
1 verbose cli   'start' ]
2 info using npm@3.10.9
3 info using node@v7.2.0
4 verbose run-script [ 'prestart', 'start', 'poststart' ]
5 info lifecycle codingacademy-psdhtml@1.0.0~prestart: codingacademy-psdhtml@1.0.0
6 silly lifecycle codingacademy-psdhtml@1.0.0~prestart: no script for prestart, continuing
7 info lifecycle codingacademy-psdhtml@1.0.0~start: codingacademy-psdhtml@1.0.0
8 verbose lifecycle codingacademy-psdhtml@1.0.0~start: unsafe-perm in lifecycle true
9 verbose lifecycle codingacademy-psdhtml@1.0.0~start: PATH: C:\nodejs\node_modules\npm\bin\node-gyp-bin;C:\dev\sprint2\node_modules\.bin;C:\Program Files (x86)\Razer Chroma SDK\bin;C:\Program Files\Razer Chroma SDK\bin;C:\ProgramData\Oracle\Java\javapath;C:\Program Files (x86)\Intel\iCLS Client\;C:\Program Files\Intel\iCLS Client\;C:\WINDOWS\system32;C:\WINDOWS;C:\WINDOWS\System32\Wbem;C:\WINDOWS\System32\WindowsPowerShell\v1.0\;C:\Program Files\Intel\WiFi\bin\;C:\Program Files\Common Files\Intel\WirelessCommon\;C:\WINDOWS\system32;C:\WINDOWS;C:\WINDOWS\System32\Wbem;C:\WINDOWS\System32\WindowsPowerShell\v1.0\;C:\Program Files\Intel\Intel(R) Management Engine Components\DAL;C:\Program Files\Intel\Intel(R) Management Engine Components\IPT;C:\nodejs\;C:\Program Files\Git\cmd;;C:\Program Files (x86)\Microsoft VS Code\bin;C:\Users\Shay Peleg\AppData\Local\Microsoft\WindowsApps;C:\Users\Shay Peleg\AppData\Roaming\npm
10 verbose lifecycle codingacademy-psdhtml@1.0.0~start: CWD: C:\dev\sprint2
11 silly lifecycle codingacademy-psdhtml@1.0.0~start: Args: [ '/d /s /c', 'npm-run-all --parallel browser styles' ]
12 silly lifecycle codingacademy-psdhtml@1.0.0~start: Returned: code: 1  signal: null
13 info lifecycle codingacademy-psdhtml@1.0.0~start: Failed to exec start script
14 verbose stack Error: codingacademy-psdhtml@1.0.0 start: `npm-run-all --parallel browser styles`
14 verbose stack Exit status 1
14 verbose stack     at EventEmitter.<anonymous> (C:\nodejs\node_modules\npm\lib\utils\lifecycle.js:255:16)
14 verbose stack     at emitTwo (events.js:106:13)
14 verbose stack     at EventEmitter.emit (events.js:191:7)
14 verbose stack     at ChildProcess.<anonymous> (C:\nodejs\node_modules\npm\lib\utils\spawn.js:40:14)
14 verbose stack     at emitTwo (events.js:106:13)
14 verbose stack     at ChildProcess.emit (events.js:191:7)
14 verbose stack     at maybeClose (internal/child_process.js:885:16)
14 verbose stack     at Process.ChildProcess._handle.onexit (internal/child_process.js:226:5)
15 verbose pkgid codingacademy-psdhtml@1.0.0
16 verbose cwd C:\dev\sprint2
17 error Windows_NT 10.0.14393
18 error argv "C:\\nodejs\\node.exe" "C:\\nodejs\\node_modules\\npm\\bin\\npm-cli.js" "start"
19 error node v7.2.0
20 error npm  v3.10.9
21 error code ELIFECYCLE
22 error codingacademy-psdhtml@1.0.0 start: `npm-run-all --parallel browser styles`
22 error Exit status 1
23 error Failed at the codingacademy-psdhtml@1.0.0 start script 'npm-run-all --parallel browser styles'.
23 error Make sure you have the latest version of node.js and npm installed.
23 error If you do, this is most likely a problem with the codingacademy-psdhtml package,
23 error not with npm itself.
23 error Tell the author that this fails on your system:
23 error     npm-run-all --parallel browser styles
23 error You can get information on how to open an issue for this project with:
23 error     npm bugs codingacademy-psdhtml
23 error Or if that isn't available, you can get their info via:
23 error     npm owner ls codingacademy-psdhtml
23 error There is likely additional logging output above.
24 verbose exit [ 1, true ]
